c:\users\amitz\source\repos\minecraftproject\minecraftproject\x64\release\vc143.pdb
c:\users\amitz\source\repos\minecraftproject\minecraftproject\x64\release\singleplayerworld.obj
c:\users\amitz\source\repos\minecraftproject\minecraftproject\x64\release\chunkcoords.obj
c:\users\amitz\source\repos\minecraftproject\minecraftproject\x64\release\chunk.obj
c:\users\amitz\source\repos\minecraftproject\minecraftproject\x64\release\grassblock.obj
c:\users\amitz\source\repos\minecraftproject\minecraftproject\x64\release\blocktypelist.obj
c:\users\amitz\source\repos\minecraftproject\minecraftproject\x64\release\block.obj
c:\users\amitz\source\repos\minecraftproject\minecraftproject\x64\release\airblock.obj
c:\users\amitz\source\repos\minecraftproject\minecraftproject\x64\release\vertex.obj
c:\users\amitz\source\repos\minecraftproject\minecraftproject\x64\release\transform.obj
c:\users\amitz\source\repos\minecraftproject\minecraftproject\x64\release\tessellationhelper.obj
c:\users\amitz\source\repos\minecraftproject\minecraftproject\x64\release\enginedefaults.obj
c:\users\amitz\source\repos\minecraftproject\minecraftproject\x64\release\boundingbox.obj
c:\users\amitz\source\repos\minecraftproject\minecraftproject\x64\release\texture.obj
c:\users\amitz\source\repos\minecraftproject\minecraftproject\x64\release\shader.obj
c:\users\amitz\source\repos\minecraftproject\minecraftproject\x64\release\runminecraft.obj
c:\users\amitz\source\repos\minecraftproject\minecraftproject\x64\release\playercontroller.obj
c:\users\amitz\source\repos\minecraftproject\minecraftproject\x64\release\camera.obj
c:\users\amitz\source\repos\minecraftproject\minecraftproject\x64\release\livingentity.obj
c:\users\amitz\source\repos\minecraftproject\minecraftproject\x64\release\entity.obj
c:\users\amitz\source\repos\minecraftproject\minecraftproject\x64\release\gl.obj
c:\users\amitz\source\repos\minecraftproject\x64\release\minecraftproject.exe
c:\users\amitz\source\repos\minecraftproject\minecraftproject\x64\release\minecraftproject.ipdb
c:\users\amitz\source\repos\minecraftproject\x64\release\minecraftproject.pdb
c:\users\amitz\source\repos\minecraftproject\minecraftproject\x64\release\minecraftproject.iobj
c:\users\amitz\source\repos\minecraftproject\minecraftproject\x64\release\minecraftproject.tlog\cl.command.1.tlog
c:\users\amitz\source\repos\minecraftproject\minecraftproject\x64\release\minecraftproject.tlog\cl.read.1.tlog
c:\users\amitz\source\repos\minecraftproject\minecraftproject\x64\release\minecraftproject.tlog\cl.write.1.tlog
c:\users\amitz\source\repos\minecraftproject\minecraftproject\x64\release\minecraftproject.tlog\link.command.1.tlog
c:\users\amitz\source\repos\minecraftproject\minecraftproject\x64\release\minecraftproject.tlog\link.read.1.tlog
c:\users\amitz\source\repos\minecraftproject\minecraftproject\x64\release\minecraftproject.tlog\link.write.1.tlog
