c:\users\amitz\riderprojects\minecraftproject\minecraftprojectlibrary\x64\debug\grassblock.obj
c:\users\amitz\riderprojects\minecraftproject\minecraftprojectlibrary\x64\debug\saplingblock.obj
c:\users\amitz\riderprojects\minecraftproject\minecraftprojectlibrary\x64\debug\airblock.obj
c:\users\amitz\riderprojects\minecraftproject\minecraftprojectlibrary\x64\debug\blockparticleentitystatewrapper.obj
c:\users\amitz\riderprojects\minecraftproject\minecraftprojectlibrary\x64\debug\chunk.obj
c:\users\amitz\riderprojects\minecraftproject\minecraftprojectlibrary\x64\debug\entitymeshblock.obj
c:\users\amitz\riderprojects\minecraftproject\minecraftprojectlibrary\x64\debug\world.obj
c:\users\amitz\riderprojects\minecraftproject\minecraftprojectlibrary\x64\debug\packetheader.obj
c:\users\amitz\riderprojects\minecraftproject\minecraftprojectlibrary\x64\debug\worldstatewrapper.obj
c:\users\amitz\riderprojects\minecraftproject\minecraftprojectlibrary\x64\debug\zombie.obj
c:\users\amitz\riderprojects\minecraftproject\minecraftprojectlibrary\x64\debug\blocktypelist.obj
c:\users\amitz\riderprojects\minecraftproject\minecraftprojectlibrary\x64\debug\block.obj
c:\users\amitz\riderprojects\minecraftproject\minecraftprojectlibrary\x64\debug\packet.obj
c:\users\amitz\riderprojects\minecraftproject\minecraftprojectlibrary\x64\debug\customrandomengine.obj
c:\users\amitz\riderprojects\minecraftproject\minecraftprojectlibrary\x64\debug\player.obj
c:\users\amitz\riderprojects\minecraftproject\minecraftprojectlibrary\x64\debug\chunkstatewrapper.obj
c:\users\amitz\riderprojects\minecraftproject\minecraftprojectlibrary\x64\debug\boundingbox.obj
c:\users\amitz\riderprojects\minecraftproject\minecraftprojectlibrary\x64\debug\enginedefaults.obj
c:\users\amitz\riderprojects\minecraftproject\minecraftprojectlibrary\x64\debug\customfilemanager.obj
c:\users\amitz\riderprojects\minecraftproject\minecraftprojectlibrary\x64\debug\playerstatewrapper.obj
c:\users\amitz\riderprojects\minecraftproject\minecraftprojectlibrary\x64\debug\perlinnoise.obj
c:\users\amitz\riderprojects\minecraftproject\x64\debug\minecraftprojectlibrary.pdb
c:\users\amitz\riderprojects\minecraftproject\x64\debug\minecraftprojectlibrary.lib
c:\users\amitz\riderprojects\minecraftproject\minecraftprojectlibrary\x64\debug\particleentity.obj
c:\users\amitz\riderprojects\minecraftproject\minecraftprojectlibrary\x64\debug\vc143.pdb
c:\users\amitz\riderprojects\minecraftproject\minecraftprojectlibrary\x64\debug\minecraf.d8a5eb12.tlog\cl.12456.write.1.tlog
c:\users\amitz\riderprojects\minecraftproject\minecraftprojectlibrary\x64\debug\minecraf.d8a5eb12.tlog\cl.command.1.tlog
c:\users\amitz\riderprojects\minecraftproject\minecraftprojectlibrary\x64\debug\minecraf.d8a5eb12.tlog\cl.read.1.tlog
c:\users\amitz\riderprojects\minecraftproject\minecraftprojectlibrary\x64\debug\minecraf.d8a5eb12.tlog\lib-link.read.1.tlog
c:\users\amitz\riderprojects\minecraftproject\minecraftprojectlibrary\x64\debug\minecraf.d8a5eb12.tlog\lib-link.write.1.tlog
c:\users\amitz\riderprojects\minecraftproject\minecraftprojectlibrary\x64\debug\minecraf.d8a5eb12.tlog\lib.command.1.tlog
